ApsimVersion = 7.8
Title = USsoybean
           Date          yield        SIF_sim
   (dd/mm/yyyy)        (kg/ha)             ()
     01/01/2016            0.0          0.000
     02/01/2016            0.0          0.000
     03/01/2016            0.0          0.000
     04/01/2016            0.0          0.000
     05/01/2016            0.0          0.000
     06/01/2016            0.0          0.000
     07/01/2016            0.0          0.000
     08/01/2016            0.0          0.000
     09/01/2016            0.0          0.000
     10/01/2016            0.0          0.000
     11/01/2016            0.0          0.000
     12/01/2016            0.0          0.000
     13/01/2016            0.0          0.000
     14/01/2016            0.0          0.000
     15/01/2016            0.0          0.000
     16/01/2016            0.0          0.000
     17/01/2016            0.0          0.000
     18/01/2016            0.0          0.000
     19/01/2016            0.0          0.000
     20/01/2016            0.0          0.000
     21/01/2016            0.0          0.000
     22/01/2016            0.0          0.000
     23/01/2016            0.0          0.000
     24/01/2016            0.0          0.000
     25/01/2016            0.0          0.000
     26/01/2016            0.0          0.000
     27/01/2016            0.0          0.000
     28/01/2016            0.0          0.000
     29/01/2016            0.0          0.000
     30/01/2016            0.0          0.000
     31/01/2016            0.0          0.000
     01/02/2016            0.0          0.000
     02/02/2016            0.0          0.000
     03/02/2016            0.0          0.000
     04/02/2016            0.0          0.000
     05/02/2016            0.0          0.000
     06/02/2016            0.0          0.000
     07/02/2016            0.0          0.000
     08/02/2016            0.0          0.000
     09/02/2016            0.0          0.000
     10/02/2016            0.0          0.000
     11/02/2016            0.0          0.000
     12/02/2016            0.0          0.000
     13/02/2016            0.0          0.000
     14/02/2016            0.0          0.000
     15/02/2016            0.0          0.000
     16/02/2016            0.0          0.000
     17/02/2016            0.0          0.000
     18/02/2016            0.0          0.000
     19/02/2016            0.0          0.000
     20/02/2016            0.0          0.000
     21/02/2016            0.0          0.000
     22/02/2016            0.0          0.000
     23/02/2016            0.0          0.000
     24/02/2016            0.0          0.000
     25/02/2016            0.0          0.000
     26/02/2016            0.0          0.000
     27/02/2016            0.0          0.000
     28/02/2016            0.0          0.000
     29/02/2016            0.0          0.000
     01/03/2016            0.0          0.000
     02/03/2016            0.0          0.000
     03/03/2016            0.0          0.000
     04/03/2016            0.0          0.000
     05/03/2016            0.0          0.000
     06/03/2016            0.0          0.000
     07/03/2016            0.0          0.000
     08/03/2016            0.0          0.000
     09/03/2016            0.0          0.000
     10/03/2016            0.0          0.000
     11/03/2016            0.0          0.000
     12/03/2016            0.0          0.000
     13/03/2016            0.0          0.000
     14/03/2016            0.0          0.000
     15/03/2016            0.0          0.000
     16/03/2016            0.0          0.000
     17/03/2016            0.0          0.000
     18/03/2016            0.0          0.000
     19/03/2016            0.0          0.000
     20/03/2016            0.0          0.000
     21/03/2016            0.0          0.000
     22/03/2016            0.0          0.000
     23/03/2016            0.0          0.000
     24/03/2016            0.0          0.000
     25/03/2016            0.0          0.000
     26/03/2016            0.0          0.000
     27/03/2016            0.0          0.000
     28/03/2016            0.0          0.000
     29/03/2016            0.0          0.000
     30/03/2016            0.0          0.000
     31/03/2016            0.0          0.000
     01/04/2016            0.0          0.000
     02/04/2016            0.0          0.000
     03/04/2016            0.0          0.000
     04/04/2016            0.0          0.000
     05/04/2016            0.0          0.000
     06/04/2016            0.0          0.000
     07/04/2016            0.0          0.000
     08/04/2016            0.0          0.000
     09/04/2016            0.0          0.000
     10/04/2016            0.0          0.000
     11/04/2016            0.0          0.000
     12/04/2016            0.0          0.000
     13/04/2016            0.0          0.000
     14/04/2016            0.0          0.000
     15/04/2016            0.0          0.000
     16/04/2016            0.0          0.000
     17/04/2016            0.0          0.000
     18/04/2016            0.0          0.000
     19/04/2016            0.0          0.000
     20/04/2016            0.0          0.000
     21/04/2016            0.0          0.000
     22/04/2016            0.0          0.000
     23/04/2016            0.0          0.000
     24/04/2016            0.0          0.000
     25/04/2016            0.0          0.000
     26/04/2016            0.0          0.000
     27/04/2016            0.0          0.000
     28/04/2016            0.0          0.000
     29/04/2016            0.0          0.000
     30/04/2016            0.0          0.000
     01/05/2016            0.0          0.000
     02/05/2016            0.0          0.000
     03/05/2016            0.0          0.000
     04/05/2016            0.0          0.000
     05/05/2016            0.0          0.000
     06/05/2016            0.0          0.000
     07/05/2016            0.0          0.000
     08/05/2016            0.0          0.000
     09/05/2016            0.0          0.000
     10/05/2016            0.0          0.000
     11/05/2016            0.0          0.000
     12/05/2016            0.0          0.000
     13/05/2016            0.0          0.000
     14/05/2016            0.0          0.000
     15/05/2016            0.0          0.000
     16/05/2016            0.0          0.000
     17/05/2016            0.0          0.000
     18/05/2016            0.0          0.000
     19/05/2016            0.0          0.000
     20/05/2016            0.0          0.000
     21/05/2016            0.0          0.000
     22/05/2016            0.0          0.000
     23/05/2016            0.0          0.000
     24/05/2016            0.0          0.000
     25/05/2016            0.0          0.000
     26/05/2016            0.0          0.000
     27/05/2016            0.0          0.000
     28/05/2016            0.0          0.000
     29/05/2016            0.0          0.000
     30/05/2016            0.0          0.000
     31/05/2016            0.0          0.000
     01/06/2016            0.0          0.000
     02/06/2016            0.0          0.000
     03/06/2016            0.0          0.000
     04/06/2016            0.0          0.000
     05/06/2016            0.0          0.000
     06/06/2016            0.0          0.000
     07/06/2016            0.0          0.000
     08/06/2016            0.0          0.000
     09/06/2016            0.0          0.000
     10/06/2016            0.0          0.000
     11/06/2016            0.0          0.000
     12/06/2016            0.0          0.000
     13/06/2016            0.0          0.000
     14/06/2016            0.0          0.000
     15/06/2016            0.0          0.000
     16/06/2016            0.0          0.000
     17/06/2016            0.0          0.000
     18/06/2016            0.0          0.000
     19/06/2016            0.0          0.000
     20/06/2016            0.0          0.000
     21/06/2016            0.0          1.554
     22/06/2016            0.0          0.850
     23/06/2016            0.0          1.545
     24/06/2016            0.0          1.631
     25/06/2016            0.0          1.911
     26/06/2016            0.0          1.593
     27/06/2016            0.0          2.153
     28/06/2016            0.0          1.657
     29/06/2016            0.0          2.361
     30/06/2016            0.0          1.130
     01/07/2016            0.0          2.414
     02/07/2016            0.0          0.569
     03/07/2016            0.0          0.574
     04/07/2016            0.0          1.047
     05/07/2016            0.0          2.534
     06/07/2016            0.0          1.962
     07/07/2016            0.0          1.230
     08/07/2016            0.0          3.094
     09/07/2016            0.0          3.087
     10/07/2016            0.0          3.163
     11/07/2016            0.0          3.292
     12/07/2016            0.0          2.441
     13/07/2016            0.0          2.865
     14/07/2016            0.0          3.418
     15/07/2016            0.0          3.516
     16/07/2016            0.0          3.513
     17/07/2016            0.0          1.617
     18/07/2016            0.0          2.106
     19/07/2016            0.0          2.563
     20/07/2016            0.0          2.914
     21/07/2016            0.0          3.061
     22/07/2016            0.0          3.059
     23/07/2016            0.0          3.019
     24/07/2016            0.0          2.740
     25/07/2016            0.0          1.902
     26/07/2016            0.0          3.155
     27/07/2016            0.0          3.388
     28/07/2016            0.0          3.116
     29/07/2016            0.0          2.646
     30/07/2016            0.0          2.615
     31/07/2016            0.0          2.751
     01/08/2016            0.0          2.452
     02/08/2016            0.0          2.141
     03/08/2016            0.0          2.710
     04/08/2016            0.0          3.286
     05/08/2016            0.0          1.368
     06/08/2016            0.0          3.050
     07/08/2016            0.0          2.928
     08/08/2016            0.0          2.779
     09/08/2016            0.0          2.721
     10/08/2016            0.0          3.029
     11/08/2016            0.0          2.733
     12/08/2016            0.0          1.138
     13/08/2016            0.0          1.208
     14/08/2016            0.0          1.303
     15/08/2016          122.9          0.612
     16/08/2016          251.0          2.144
     17/08/2016          384.5          2.460
     18/08/2016          522.9          2.413
     19/08/2016          665.2          1.972
     20/08/2016          811.1          1.687
     21/08/2016          963.8          2.619
     22/08/2016         1121.7          2.806
     23/08/2016         1282.8          2.340
     24/08/2016         1446.1          1.868
     25/08/2016         1612.9          1.843
     26/08/2016         1779.8          1.359
     27/08/2016         1956.0          2.265
     28/08/2016         2132.8          1.799
     29/08/2016         2315.5          2.214
     30/08/2016         2491.2          1.133
     31/08/2016         2676.9          1.742
     01/09/2016         2864.7          1.717
     02/09/2016         3058.3          2.292
     03/09/2016         3253.8          2.171
     04/09/2016         3448.1          1.665
     05/09/2016         3646.5          1.964
     06/09/2016         3845.0          1.926
     07/09/2016         4042.0          1.737
     08/09/2016         4227.5          0.855
     09/09/2016         4399.3          0.456
     10/09/2016         4588.2          1.532
     11/09/2016         4772.6          1.789
     12/09/2016         4954.2          1.744
     13/09/2016         5133.7          1.256
     14/09/2016         5308.6          0.880
     15/09/2016         5377.0          0.880
     16/09/2016         5402.4          0.880
     17/09/2016         5425.8          0.880
     18/09/2016         5437.4          0.880
     19/09/2016         5438.3          0.880
     20/09/2016            0.0          0.880
     21/09/2016            0.0          0.880
     22/09/2016            0.0          0.880
     23/09/2016            0.0          0.880
     24/09/2016            0.0          0.880
     25/09/2016            0.0          0.880
     26/09/2016            0.0          0.880
     27/09/2016            0.0          0.880
     28/09/2016            0.0          0.880
     29/09/2016            0.0          0.880
     30/09/2016            0.0          0.880
     01/10/2016            0.0          0.880
     02/10/2016            0.0          0.880
     03/10/2016            0.0          0.880
     04/10/2016            0.0          0.880
     05/10/2016            0.0          0.880
     06/10/2016            0.0          0.880
     07/10/2016            0.0          0.880
     08/10/2016            0.0          0.880
     09/10/2016            0.0          0.880
     10/10/2016            0.0          0.880
     11/10/2016            0.0          0.880
     12/10/2016            0.0          0.880
     13/10/2016            0.0          0.880
     14/10/2016            0.0          0.880
     15/10/2016            0.0          0.880
     16/10/2016            0.0          0.880
     17/10/2016            0.0          0.880
     18/10/2016            0.0          0.880
     19/10/2016            0.0          0.880
     20/10/2016            0.0          0.880
     21/10/2016            0.0          0.880
     22/10/2016            0.0          0.880
     23/10/2016            0.0          0.880
     24/10/2016            0.0          0.880
     25/10/2016            0.0          0.880
     26/10/2016            0.0          0.880
     27/10/2016            0.0          0.880
     28/10/2016            0.0          0.880
     29/10/2016            0.0          0.880
     30/10/2016            0.0          0.880
     31/10/2016            0.0          0.880
     01/11/2016            0.0          0.880
     02/11/2016            0.0          0.880
     03/11/2016            0.0          0.880
     04/11/2016            0.0          0.880
     05/11/2016            0.0          0.880
     06/11/2016            0.0          0.880
     07/11/2016            0.0          0.880
     08/11/2016            0.0          0.880
     09/11/2016            0.0          0.880
     10/11/2016            0.0          0.880
     11/11/2016            0.0          0.880
     12/11/2016            0.0          0.880
     13/11/2016            0.0          0.880
     14/11/2016            0.0          0.880
     15/11/2016            0.0          0.880
     16/11/2016            0.0          0.880
     17/11/2016            0.0          0.880
     18/11/2016            0.0          0.880
     19/11/2016            0.0          0.880
     20/11/2016            0.0          0.880
     21/11/2016            0.0          0.880
     22/11/2016            0.0          0.880
     23/11/2016            0.0          0.880
     24/11/2016            0.0          0.880
     25/11/2016            0.0          0.880
     26/11/2016            0.0          0.880
     27/11/2016            0.0          0.880
     28/11/2016            0.0          0.880
     29/11/2016            0.0          0.880
     30/11/2016            0.0          0.880
     01/12/2016            0.0          0.880
     02/12/2016            0.0          0.880
     03/12/2016            0.0          0.880
     04/12/2016            0.0          0.880
     05/12/2016            0.0          0.880
     06/12/2016            0.0          0.880
     07/12/2016            0.0          0.880
     08/12/2016            0.0          0.880
     09/12/2016            0.0          0.880
     10/12/2016            0.0          0.880
     11/12/2016            0.0          0.880
     12/12/2016            0.0          0.880
     13/12/2016            0.0          0.880
     14/12/2016            0.0          0.880
     15/12/2016            0.0          0.880
     16/12/2016            0.0          0.880
     17/12/2016            0.0          0.880
     18/12/2016            0.0          0.880
     19/12/2016            0.0          0.880
     20/12/2016            0.0          0.880
     21/12/2016            0.0          0.880
     22/12/2016            0.0          0.880
     23/12/2016            0.0          0.880
     24/12/2016            0.0          0.880
     25/12/2016            0.0          0.880
     26/12/2016            0.0          0.880
     27/12/2016            0.0          0.880
     28/12/2016            0.0          0.880
     29/12/2016            0.0          0.880
     30/12/2016            0.0          0.880
     31/12/2016            0.0          0.880
     01/01/2017            0.0          0.880
     02/01/2017            0.0          0.880
     03/01/2017            0.0          0.880
     04/01/2017            0.0          0.880
     05/01/2017            0.0          0.880
     06/01/2017            0.0          0.880
     07/01/2017            0.0          0.880
     08/01/2017            0.0          0.880
     09/01/2017            0.0          0.880
     10/01/2017            0.0          0.880
     11/01/2017            0.0          0.880
     12/01/2017            0.0          0.880
     13/01/2017            0.0          0.880
     14/01/2017            0.0          0.880
     15/01/2017            0.0          0.880
     16/01/2017            0.0          0.880
     17/01/2017            0.0          0.880
     18/01/2017            0.0          0.880
     19/01/2017            0.0          0.880
     20/01/2017            0.0          0.880
     21/01/2017            0.0          0.880
     22/01/2017            0.0          0.880
     23/01/2017            0.0          0.880
     24/01/2017            0.0          0.880
     25/01/2017            0.0          0.880
     26/01/2017            0.0          0.880
     27/01/2017            0.0          0.880
     28/01/2017            0.0          0.880
     29/01/2017            0.0          0.880
     30/01/2017            0.0          0.880
     31/01/2017            0.0          0.880
     01/02/2017            0.0          0.880
     02/02/2017            0.0          0.880
     03/02/2017            0.0          0.880
     04/02/2017            0.0          0.880
     05/02/2017            0.0          0.880
     06/02/2017            0.0          0.880
     07/02/2017            0.0          0.880
     08/02/2017            0.0          0.880
     09/02/2017            0.0          0.880
     10/02/2017            0.0          0.880
     11/02/2017            0.0          0.880
     12/02/2017            0.0          0.880
     13/02/2017            0.0          0.880
     14/02/2017            0.0          0.880
     15/02/2017            0.0          0.880
     16/02/2017            0.0          0.880
     17/02/2017            0.0          0.880
     18/02/2017            0.0          0.880
     19/02/2017            0.0          0.880
     20/02/2017            0.0          0.880
     21/02/2017            0.0          0.880
     22/02/2017            0.0          0.880
     23/02/2017            0.0          0.880
     24/02/2017            0.0          0.880
     25/02/2017            0.0          0.880
     26/02/2017            0.0          0.880
     27/02/2017            0.0          0.880
     28/02/2017            0.0          0.880
     01/03/2017            0.0          0.880
     02/03/2017            0.0          0.880
     03/03/2017            0.0          0.880
     04/03/2017            0.0          0.880
     05/03/2017            0.0          0.880
     06/03/2017            0.0          0.880
     07/03/2017            0.0          0.880
     08/03/2017            0.0          0.880
     09/03/2017            0.0          0.880
     10/03/2017            0.0          0.880
     11/03/2017            0.0          0.880
     12/03/2017            0.0          0.880
     13/03/2017            0.0          0.880
     14/03/2017            0.0          0.880
     15/03/2017            0.0          0.880
     16/03/2017            0.0          0.880
     17/03/2017            0.0          0.880
     18/03/2017            0.0          0.880
     19/03/2017            0.0          0.880
     20/03/2017            0.0          0.880
     21/03/2017            0.0          0.880
     22/03/2017            0.0          0.880
     23/03/2017            0.0          0.880
     24/03/2017            0.0          0.880
     25/03/2017            0.0          0.880
     26/03/2017            0.0          0.880
     27/03/2017            0.0          0.880
     28/03/2017            0.0          0.880
     29/03/2017            0.0          0.880
     30/03/2017            0.0          0.880
     31/03/2017            0.0          0.880
     01/04/2017            0.0          0.880
     02/04/2017            0.0          0.880
     03/04/2017            0.0          0.880
     04/04/2017            0.0          0.880
     05/04/2017            0.0          0.880
     06/04/2017            0.0          0.880
     07/04/2017            0.0          0.880
     08/04/2017            0.0          0.880
     09/04/2017            0.0          0.880
     10/04/2017            0.0          0.880
     11/04/2017            0.0          0.880
     12/04/2017            0.0          0.880
     13/04/2017            0.0          0.880
     14/04/2017            0.0          0.880
     15/04/2017            0.0          0.880
     16/04/2017            0.0          0.880
     17/04/2017            0.0          0.880
     18/04/2017            0.0          0.880
     19/04/2017            0.0          0.880
     20/04/2017            0.0          0.880
     21/04/2017            0.0          0.880
     22/04/2017            0.0          0.880
     23/04/2017            0.0          0.880
     24/04/2017            0.0          0.880
     25/04/2017            0.0          0.880
     26/04/2017            0.0          0.880
     27/04/2017            0.0          0.880
     28/04/2017            0.0          0.880
     29/04/2017            0.0          0.880
     30/04/2017            0.0          0.880
     01/05/2017            0.0          0.880
     02/05/2017            0.0          0.880
     03/05/2017            0.0          0.880
     04/05/2017            0.0          0.880
     05/05/2017            0.0          0.880
     06/05/2017            0.0          0.880
     07/05/2017            0.0          0.880
     08/05/2017            0.0          0.880
     09/05/2017            0.0          0.880
     10/05/2017            0.0          0.880
     11/05/2017            0.0          0.880
     12/05/2017            0.0          0.880
     13/05/2017            0.0          0.880
     14/05/2017            0.0          0.880
     15/05/2017            0.0          0.880
     16/05/2017            0.0          0.880
     17/05/2017            0.0          0.880
     18/05/2017            0.0          0.880
     19/05/2017            0.0          0.880
     20/05/2017            0.0          0.880
     21/05/2017            0.0          0.880
     22/05/2017            0.0          0.880
     23/05/2017            0.0          0.880
     24/05/2017            0.0          0.880
     25/05/2017            0.0          0.880
     26/05/2017            0.0          0.880
     27/05/2017            0.0          0.880
     28/05/2017            0.0          0.880
     29/05/2017            0.0          0.880
     30/05/2017            0.0          0.880
     31/05/2017            0.0          0.880
     01/06/2017            0.0          0.880
     02/06/2017            0.0          0.880
     03/06/2017            0.0          0.880
     04/06/2017            0.0          0.880
     05/06/2017            0.0          0.880
     06/06/2017            0.0          0.880
     07/06/2017            0.0          0.880
     08/06/2017            0.0          0.880
     09/06/2017            0.0          0.880
     10/06/2017            0.0          0.880
     11/06/2017            0.0          0.880
     12/06/2017            0.0          0.880
     13/06/2017            0.0          0.880
     14/06/2017            0.0          0.880
     15/06/2017            0.0          0.880
     16/06/2017            0.0          0.880
     17/06/2017            0.0          0.880
     18/06/2017            0.0          0.880
     19/06/2017            0.0          0.880
     20/06/2017            0.0          0.880
     21/06/2017            0.0          0.980
     22/06/2017            0.0          1.052
     23/06/2017            0.0          1.237
     24/06/2017            0.0          1.871
     25/06/2017            0.0          1.717
     26/06/2017            0.0          1.025
     27/06/2017            0.0          2.138
     28/06/2017            0.0          1.156
     29/06/2017            0.0          1.470
     30/06/2017            0.0          1.335
     01/07/2017            0.0          2.476
     02/07/2017            0.0          2.729
     03/07/2017            0.0          2.822
     04/07/2017            0.0          1.941
     05/07/2017            0.0          1.454
     06/07/2017            0.0          2.998
     07/07/2017            0.0          2.667
     08/07/2017            0.0          3.222
     09/07/2017            0.0          3.425
     10/07/2017            0.0          2.159
     11/07/2017            0.0          1.028
     12/07/2017            0.0          1.801
     13/07/2017            0.0          1.881
     14/07/2017            0.0          3.614
     15/07/2017            0.0          3.183
     16/07/2017            0.0          2.572
     17/07/2017            0.0          3.731
     18/07/2017            0.0          3.733
     19/07/2017            0.0          3.281
     20/07/2017            0.0          2.596
     21/07/2017            0.0          3.089
     22/07/2017            0.0          2.315
     23/07/2017            0.0          3.421
     24/07/2017            0.0          1.936
     25/07/2017            0.0          3.631
     26/07/2017            0.0          1.596
     27/07/2017            0.0          1.442
     28/07/2017            0.0          3.281
     29/07/2017            0.0          3.750
     30/07/2017            0.0          3.385
     31/07/2017            0.0          2.862
     01/08/2017            0.0          1.783
     02/08/2017            0.0          2.728
     03/08/2017            0.0          1.899
     04/08/2017            0.0          1.220
     05/08/2017            0.0          2.621
     06/08/2017            0.0          0.894
     07/08/2017            0.0          1.940
     08/08/2017            0.0          3.471
     09/08/2017            0.0          3.167
     10/08/2017            0.0          2.973
     11/08/2017            0.0          2.966
     12/08/2017            0.0          3.129
     13/08/2017            0.0          3.076
     14/08/2017            0.0          2.604
     15/08/2017            0.0          2.588
     16/08/2017            0.0          1.120
     17/08/2017            0.0          2.068
     18/08/2017            0.0          2.912
     19/08/2017          137.0          2.868
     20/08/2017          278.4          1.891
     21/08/2017          422.2          1.129
     22/08/2017          571.4          1.788
     23/08/2017          726.5          2.667
     24/08/2017          885.7          2.371
     25/08/2017         1048.8          2.353
     26/08/2017         1215.7          2.243
     27/08/2017         1385.6          2.016
     28/08/2017         1557.7          1.711
     29/08/2017         1735.0          2.152
     30/08/2017         1915.4          2.106
     31/08/2017         2097.3          1.806
     01/09/2017         2282.4          2.171
     02/09/2017         2470.0          2.273
     03/09/2017         2659.7          2.011
     04/09/2017         2848.7          1.749
     05/09/2017         3039.1          1.903
     06/09/2017         3227.3          1.679
     07/09/2017         3416.4          1.548
     08/09/2017         3608.1          1.991
     09/09/2017         3799.4          1.951
     10/09/2017         3988.2          2.032
     11/09/2017         4174.4          1.747
     12/09/2017         4359.3          1.609
     13/09/2017         4537.9          0.682
     14/09/2017         4720.0          1.553
     15/09/2017         4882.6          1.829
     16/09/2017         4956.7          1.541
     17/09/2017         5011.5          1.107
     18/09/2017         5063.0          1.407
     19/09/2017         5113.9          1.262
     20/09/2017         5163.6          1.567
     21/09/2017         5209.7          1.190
     22/09/2017         5251.5          1.337
     23/09/2017         5288.6          1.164
     24/09/2017         5291.2          1.164
     25/09/2017         5311.8          1.164
     26/09/2017         5332.0          1.164
     27/09/2017         5339.4          1.164
     28/09/2017         5345.8          1.164
     29/09/2017         5348.9          1.164
     30/09/2017         5349.1          1.164
     01/10/2017            0.0          1.164
     02/10/2017            0.0          1.164
     03/10/2017            0.0          1.164
     04/10/2017            0.0          1.164
     05/10/2017            0.0          1.164
     06/10/2017            0.0          1.164
     07/10/2017            0.0          1.164
     08/10/2017            0.0          1.164
     09/10/2017            0.0          1.164
     10/10/2017            0.0          1.164
     11/10/2017            0.0          1.164
     12/10/2017            0.0          1.164
     13/10/2017            0.0          1.164
     14/10/2017            0.0          1.164
     15/10/2017            0.0          1.164
     16/10/2017            0.0          1.164
     17/10/2017            0.0          1.164
     18/10/2017            0.0          1.164
     19/10/2017            0.0          1.164
     20/10/2017            0.0          1.164
     21/10/2017            0.0          1.164
     22/10/2017            0.0          1.164
     23/10/2017            0.0          1.164
     24/10/2017            0.0          1.164
     25/10/2017            0.0          1.164
     26/10/2017            0.0          1.164
     27/10/2017            0.0          1.164
     28/10/2017            0.0          1.164
     29/10/2017            0.0          1.164
     30/10/2017            0.0          1.164
     31/10/2017            0.0          1.164
     01/11/2017            0.0          1.164
     02/11/2017            0.0          1.164
     03/11/2017            0.0          1.164
     04/11/2017            0.0          1.164
     05/11/2017            0.0          1.164
     06/11/2017            0.0          1.164
     07/11/2017            0.0          1.164
     08/11/2017            0.0          1.164
     09/11/2017            0.0          1.164
     10/11/2017            0.0          1.164
     11/11/2017            0.0          1.164
     12/11/2017            0.0          1.164
     13/11/2017            0.0          1.164
     14/11/2017            0.0          1.164
     15/11/2017            0.0          1.164
     16/11/2017            0.0          1.164
     17/11/2017            0.0          1.164
     18/11/2017            0.0          1.164
     19/11/2017            0.0          1.164
     20/11/2017            0.0          1.164
     21/11/2017            0.0          1.164
     22/11/2017            0.0          1.164
     23/11/2017            0.0          1.164
     24/11/2017            0.0          1.164
     25/11/2017            0.0          1.164
     26/11/2017            0.0          1.164
     27/11/2017            0.0          1.164
     28/11/2017            0.0          1.164
     29/11/2017            0.0          1.164
     30/11/2017            0.0          1.164
     01/12/2017            0.0          1.164
     02/12/2017            0.0          1.164
     03/12/2017            0.0          1.164
     04/12/2017            0.0          1.164
     05/12/2017            0.0          1.164
     06/12/2017            0.0          1.164
     07/12/2017            0.0          1.164
     08/12/2017            0.0          1.164
     09/12/2017            0.0          1.164
     10/12/2017            0.0          1.164
     11/12/2017            0.0          1.164
     12/12/2017            0.0          1.164
     13/12/2017            0.0          1.164
     14/12/2017            0.0          1.164
     15/12/2017            0.0          1.164
     16/12/2017            0.0          1.164
     17/12/2017            0.0          1.164
     18/12/2017            0.0          1.164
     19/12/2017            0.0          1.164
     20/12/2017            0.0          1.164
     21/12/2017            0.0          1.164
     22/12/2017            0.0          1.164
     23/12/2017            0.0          1.164
     24/12/2017            0.0          1.164
     25/12/2017            0.0          1.164
     26/12/2017            0.0          1.164
     27/12/2017            0.0          1.164
     28/12/2017            0.0          1.164
     29/12/2017            0.0          1.164
     30/12/2017            0.0          1.164
     31/12/2017            0.0          1.164
     01/01/2018            0.0          1.164
     02/01/2018            0.0          1.164
     03/01/2018            0.0          1.164
     04/01/2018            0.0          1.164
     05/01/2018            0.0          1.164
     06/01/2018            0.0          1.164
     07/01/2018            0.0          1.164
     08/01/2018            0.0          1.164
     09/01/2018            0.0          1.164
     10/01/2018            0.0          1.164
     11/01/2018            0.0          1.164
     12/01/2018            0.0          1.164
     13/01/2018            0.0          1.164
     14/01/2018            0.0          1.164
     15/01/2018            0.0          1.164
     16/01/2018            0.0          1.164
     17/01/2018            0.0          1.164
     18/01/2018            0.0          1.164
     19/01/2018            0.0          1.164
     20/01/2018            0.0          1.164
     21/01/2018            0.0          1.164
     22/01/2018            0.0          1.164
     23/01/2018            0.0          1.164
     24/01/2018            0.0          1.164
     25/01/2018            0.0          1.164
     26/01/2018            0.0          1.164
     27/01/2018            0.0          1.164
     28/01/2018            0.0          1.164
     29/01/2018            0.0          1.164
     30/01/2018            0.0          1.164
     31/01/2018            0.0          1.164
     01/02/2018            0.0          1.164
     02/02/2018            0.0          1.164
     03/02/2018            0.0          1.164
     04/02/2018            0.0          1.164
     05/02/2018            0.0          1.164
     06/02/2018            0.0          1.164
     07/02/2018            0.0          1.164
     08/02/2018            0.0          1.164
     09/02/2018            0.0          1.164
     10/02/2018            0.0          1.164
     11/02/2018            0.0          1.164
     12/02/2018            0.0          1.164
     13/02/2018            0.0          1.164
     14/02/2018            0.0          1.164
     15/02/2018            0.0          1.164
     16/02/2018            0.0          1.164
     17/02/2018            0.0          1.164
     18/02/2018            0.0          1.164
     19/02/2018            0.0          1.164
     20/02/2018            0.0          1.164
     21/02/2018            0.0          1.164
     22/02/2018            0.0          1.164
     23/02/2018            0.0          1.164
     24/02/2018            0.0          1.164
     25/02/2018            0.0          1.164
     26/02/2018            0.0          1.164
     27/02/2018            0.0          1.164
     28/02/2018            0.0          1.164
     01/03/2018            0.0          1.164
     02/03/2018            0.0          1.164
     03/03/2018            0.0          1.164
     04/03/2018            0.0          1.164
     05/03/2018            0.0          1.164
     06/03/2018            0.0          1.164
     07/03/2018            0.0          1.164
     08/03/2018            0.0          1.164
     09/03/2018            0.0          1.164
     10/03/2018            0.0          1.164
     11/03/2018            0.0          1.164
     12/03/2018            0.0          1.164
     13/03/2018            0.0          1.164
     14/03/2018            0.0          1.164
     15/03/2018            0.0          1.164
     16/03/2018            0.0          1.164
     17/03/2018            0.0          1.164
     18/03/2018            0.0          1.164
     19/03/2018            0.0          1.164
     20/03/2018            0.0          1.164
     21/03/2018            0.0          1.164
     22/03/2018            0.0          1.164
     23/03/2018            0.0          1.164
     24/03/2018            0.0          1.164
     25/03/2018            0.0          1.164
     26/03/2018            0.0          1.164
     27/03/2018            0.0          1.164
     28/03/2018            0.0          1.164
     29/03/2018            0.0          1.164
     30/03/2018            0.0          1.164
     31/03/2018            0.0          1.164
     01/04/2018            0.0          1.164
     02/04/2018            0.0          1.164
     03/04/2018            0.0          1.164
     04/04/2018            0.0          1.164
     05/04/2018            0.0          1.164
     06/04/2018            0.0          1.164
     07/04/2018            0.0          1.164
     08/04/2018            0.0          1.164
     09/04/2018            0.0          1.164
     10/04/2018            0.0          1.164
     11/04/2018            0.0          1.164
     12/04/2018            0.0          1.164
     13/04/2018            0.0          1.164
     14/04/2018            0.0          1.164
     15/04/2018            0.0          1.164
     16/04/2018            0.0          1.164
     17/04/2018            0.0          1.164
     18/04/2018            0.0          1.164
     19/04/2018            0.0          1.164
     20/04/2018            0.0          1.164
     21/04/2018            0.0          1.164
     22/04/2018            0.0          1.164
     23/04/2018            0.0          1.164
     24/04/2018            0.0          1.164
     25/04/2018            0.0          1.164
     26/04/2018            0.0          1.164
     27/04/2018            0.0          1.164
     28/04/2018            0.0          1.164
     29/04/2018            0.0          1.164
     30/04/2018            0.0          1.164
     01/05/2018            0.0          1.164
     02/05/2018            0.0          1.164
     03/05/2018            0.0          1.164
     04/05/2018            0.0          1.164
     05/05/2018            0.0          1.164
     06/05/2018            0.0          1.164
     07/05/2018            0.0          1.164
     08/05/2018            0.0          1.164
     09/05/2018            0.0          1.164
     10/05/2018            0.0          1.164
     11/05/2018            0.0          1.164
     12/05/2018            0.0          1.164
     13/05/2018            0.0          1.164
     14/05/2018            0.0          1.164
     15/05/2018            0.0          1.164
     16/05/2018            0.0          1.164
     17/05/2018            0.0          1.164
     18/05/2018            0.0          1.164
     19/05/2018            0.0          1.164
     20/05/2018            0.0          1.164
     21/05/2018            0.0          1.164
     22/05/2018            0.0          1.164
     23/05/2018            0.0          1.164
     24/05/2018            0.0          1.164
     25/05/2018            0.0          1.164
     26/05/2018            0.0          1.164
     27/05/2018            0.0          1.164
     28/05/2018            0.0          1.164
     29/05/2018            0.0          1.164
     30/05/2018            0.0          1.164
     31/05/2018            0.0          1.164
     01/06/2018            0.0          1.164
     02/06/2018            0.0          1.164
     03/06/2018            0.0          1.164
     04/06/2018            0.0          1.164
     05/06/2018            0.0          1.164
     06/06/2018            0.0          1.164
     07/06/2018            0.0          1.164
     08/06/2018            0.0          1.023
     09/06/2018            0.0          1.140
     10/06/2018            0.0          0.385
     11/06/2018            0.0          0.859
     12/06/2018            0.0          1.272
     13/06/2018            0.0          1.762
     14/06/2018            0.0          1.495
     15/06/2018            0.0          2.057
     16/06/2018            0.0          2.102
     17/06/2018            0.0          2.099
     18/06/2018            0.0          2.125
     19/06/2018            0.0          1.846
     20/06/2018            0.0          1.997
     21/06/2018            0.0          1.274
     22/06/2018            0.0          0.718
     23/06/2018            0.0          0.973
     24/06/2018            0.0          2.909
     25/06/2018            0.0          2.570
     26/06/2018            0.0          1.938
     27/06/2018            0.0          2.543
     28/06/2018            0.0          3.270
     29/06/2018            0.0          3.445
     30/06/2018            0.0          3.219
     01/07/2018            0.0          3.388
     02/07/2018            0.0          3.689
     03/07/2018            0.0          2.981
     04/07/2018            0.0          3.041
     05/07/2018            0.0          1.475
     06/07/2018            0.0          3.707
     07/07/2018            0.0          3.915
     08/07/2018            0.0          3.876
     09/07/2018            0.0          3.362
     10/07/2018            0.0          3.317
     11/07/2018            0.0          3.653
     12/07/2018            0.0          3.543
     13/07/2018            0.0          3.739
     14/07/2018            0.0          2.007
     15/07/2018            0.0          2.334
     16/07/2018            0.0          3.022
     17/07/2018            0.0          3.341
     18/07/2018            0.0          3.715
     19/07/2018            0.0          2.266
     20/07/2018            0.0          1.309
     21/07/2018            0.0          1.624
     22/07/2018            0.0          1.518
     23/07/2018            0.0          3.371
     24/07/2018            0.0          3.418
     25/07/2018            0.0          3.618
     26/07/2018            0.0          3.190
     27/07/2018            0.0          2.670
     28/07/2018            0.0          2.368
     29/07/2018            0.0          0.349
     30/07/2018            0.0          1.704
     31/07/2018            0.0          1.381
     01/08/2018            0.0          3.206
     02/08/2018            0.0          2.968
     03/08/2018            0.0          3.225
     04/08/2018          133.0          3.157
     05/08/2018          271.7          3.046
     06/08/2018          414.5          1.851
     07/08/2018          556.8          0.777
     08/08/2018          709.4          2.738
     09/08/2018          867.3          3.000
     10/08/2018         1029.7          2.712
     11/08/2018         1197.1          2.845
     12/08/2018         1368.3          2.614
     13/08/2018         1544.5          2.811
     14/08/2018         1723.2          2.358
     15/08/2018         1899.9          1.355
     16/08/2018         2048.8          0.000
     17/08/2018         2232.4          1.773
     18/08/2018         2422.0          2.177
     19/08/2018         2616.0          2.378
     20/08/2018         2807.9          1.619
     21/08/2018         2989.6          0.845
     22/08/2018         3190.0          2.347
     23/08/2018         3392.3          2.302
     24/08/2018         3582.6          0.982
     25/08/2018         3775.2          1.086
     26/08/2018         3977.6          1.974
     27/08/2018         4176.8          1.977
     28/08/2018         4370.6          1.754
     29/08/2018         4556.3          0.892
     30/08/2018         4744.6          1.730
     31/08/2018         4929.9          1.242
     01/09/2018         5107.0          0.644
     02/09/2018         5213.8          0.644
     03/09/2018         5251.9          0.644
     04/09/2018         5260.7          0.644
     05/09/2018         5261.9          0.644
     06/09/2018            0.0          0.644
     07/09/2018            0.0          0.644
     08/09/2018            0.0          0.644
     09/09/2018            0.0          0.644
     10/09/2018            0.0          0.644
     11/09/2018            0.0          0.644
     12/09/2018            0.0          0.644
     13/09/2018            0.0          0.644
     14/09/2018            0.0          0.644
     15/09/2018            0.0          0.644
     16/09/2018            0.0          0.644
     17/09/2018            0.0          0.644
     18/09/2018            0.0          0.644
     19/09/2018            0.0          0.644
     20/09/2018            0.0          0.644
     21/09/2018            0.0          0.644
     22/09/2018            0.0          0.644
     23/09/2018            0.0          0.644
     24/09/2018            0.0          0.644
     25/09/2018            0.0          0.644
     26/09/2018            0.0          0.644
     27/09/2018            0.0          0.644
     28/09/2018            0.0          0.644
     29/09/2018            0.0          0.644
     30/09/2018            0.0          0.644
     01/10/2018            0.0          0.644
     02/10/2018            0.0          0.644
     03/10/2018            0.0          0.644
     04/10/2018            0.0          0.644
     05/10/2018            0.0          0.644
     06/10/2018            0.0          0.644
     07/10/2018            0.0          0.644
     08/10/2018            0.0          0.644
     09/10/2018            0.0          0.644
     10/10/2018            0.0          0.644
     11/10/2018            0.0          0.644
     12/10/2018            0.0          0.644
     13/10/2018            0.0          0.644
     14/10/2018            0.0          0.644
     15/10/2018            0.0          0.644
     16/10/2018            0.0          0.644
     17/10/2018            0.0          0.644
     18/10/2018            0.0          0.644
     19/10/2018            0.0          0.644
     20/10/2018            0.0          0.644
     21/10/2018            0.0          0.644
     22/10/2018            0.0          0.644
     23/10/2018            0.0          0.644
     24/10/2018            0.0          0.644
     25/10/2018            0.0          0.644
     26/10/2018            0.0          0.644
     27/10/2018            0.0          0.644
     28/10/2018            0.0          0.644
     29/10/2018            0.0          0.644
     30/10/2018            0.0          0.644
     31/10/2018            0.0          0.644
     01/11/2018            0.0          0.644
     02/11/2018            0.0          0.644
     03/11/2018            0.0          0.644
     04/11/2018            0.0          0.644
     05/11/2018            0.0          0.644
     06/11/2018            0.0          0.644
     07/11/2018            0.0          0.644
     08/11/2018            0.0          0.644
     09/11/2018            0.0          0.644
     10/11/2018            0.0          0.644
     11/11/2018            0.0          0.644
     12/11/2018            0.0          0.644
     13/11/2018            0.0          0.644
     14/11/2018            0.0          0.644
     15/11/2018            0.0          0.644
     16/11/2018            0.0          0.644
     17/11/2018            0.0          0.644
     18/11/2018            0.0          0.644
     19/11/2018            0.0          0.644
     20/11/2018            0.0          0.644
     21/11/2018            0.0          0.644
     22/11/2018            0.0          0.644
     23/11/2018            0.0          0.644
     24/11/2018            0.0          0.644
     25/11/2018            0.0          0.644
     26/11/2018            0.0          0.644
     27/11/2018            0.0          0.644
     28/11/2018            0.0          0.644
     29/11/2018            0.0          0.644
     30/11/2018            0.0          0.644
     01/12/2018            0.0          0.644
     02/12/2018            0.0          0.644
     03/12/2018            0.0          0.644
     04/12/2018            0.0          0.644
     05/12/2018            0.0          0.644
     06/12/2018            0.0          0.644
     07/12/2018            0.0          0.644
     08/12/2018            0.0          0.644
     09/12/2018            0.0          0.644
     10/12/2018            0.0          0.644
     11/12/2018            0.0          0.644
     12/12/2018            0.0          0.644
     13/12/2018            0.0          0.644
     14/12/2018            0.0          0.644
     15/12/2018            0.0          0.644
     16/12/2018            0.0          0.644
     17/12/2018            0.0          0.644
     18/12/2018            0.0          0.644
     19/12/2018            0.0          0.644
     20/12/2018            0.0          0.644
     21/12/2018            0.0          0.644
     22/12/2018            0.0          0.644
     23/12/2018            0.0          0.644
     24/12/2018            0.0          0.644
